Restore Archived Project report for project3aTop
Sat Apr 02 20:29:12 2022
Quartus Prime Version 18.1.0 Build 625 09/12/2018 SJ Lite Edition


---------------------
; Table of Contents ;
---------------------
  1. Legal Notice
  2. Restore Archived Project Summary
  3. Restore Archived Project Messages
  4. Files Restored
  5. Files Not Restored



----------------
; Legal Notice ;
----------------
Copyright (C) 2018  Intel Corporation. All rights reserved.
Your use of Intel Corporation's design tools, logic functions 
and other software and tools, and its AMPP partner logic 
functions, and any output files from any of the foregoing 
(including device programming or simulation files), and any 
associated documentation or information are expressly subject 
to the terms and conditions of the Intel Program License 
Subscription Agreement, the Intel Quartus Prime License Agreement,
the Intel FPGA IP License Agreement, or other applicable license
agreement, including, without limitation, that your use is for
the sole purpose of programming logic devices manufactured by
Intel and sold by Intel or its authorized distributors.  Please
refer to the applicable agreement for further details.



+-------------------------------------------------------------------------+
; Restore Archived Project Summary                                        ;
+---------------------------------+---------------------------------------+
; Restore Archived Project Status ; Successful - Sat Apr 02 20:29:12 2022 ;
; Revision Name                   ; project3aTop                          ;
; Top-level Entity Name           ; project3aTop                          ;
; Family                          ; Cyclone V                             ;
+---------------------------------+---------------------------------------+


+-----------------------------------+
; Restore Archived Project Messages ;
+-----------------------------------+
Info: Successfully restored 'C:/Users/sefun/Dev/Digital-Design-Projects/ECE 3544 Project 3A/project3aTop.qar' into the 'C:/Users/sefun/Dev/Digital-Design-Projects/ECE 3544 Project 3A/project3aTop_restored/' directory
Info: Generated report 'project3aTop.restore.rpt'
Info (23030): Evaluation of Tcl script c:/intelfpga_lite/18.1/quartus/common/tcl/apps/qpm/qar.tcl was successful
Info: Quartus Prime Shell was successful. 0 errors, 0 warnings
    Info: Peak virtual memory: 4819 megabytes
    Info: Processing ended: Sat Apr 02 20:29:12 2022
    Info: Elapsed time: 00:00:05
    Info: Total CPU time (on all processors): 00:00:01


+-------------------------+
; Files Restored          ;
+-------------------------+
; File Name               ;
+-------------------------+
; qar_info.json           ;
; assignment_defaults.qdf ;
; project3aTest.v         ;
; project3aTop.SDC        ;
; project3aTop.qpf        ;
; project3aTop.qsf        ;
; project3aTop.v          ;
; tb_project3a.v          ;
+-------------------------+


+--------------------+
; Files Not Restored ;
+--------------------+
; File Name          ;
+--------------------+


